Frame <id> :: spaceship_pos :: asteroid_pos_ls :: bullet_pos_ls :: fuel :: scoreFrame 0 :: spaceship 450.0,300.0,90,0 :: [asteroid_large 168.0,571.0,89,0, asteroid_large 475.0,294.0,88,1, asteroid_small 635.0,532.0,63,2, asteroid_small 771.0,324.0,36,3, asteroid_small 397.0,556.0,272,4] :: [] :: 200 :: 0
Added asteroid 5
Frame 1 :: spaceship 450.0,300.0,75,0 :: [asteroid_large 168.1,568.0,89,0, asteroid_small 636.4,529.3,63,2, asteroid_small 773.4,322.2,36,3, asteroid_small 397.1,559.0,272,4, asteroid_large 532.0,76.0,74,5] :: [] :: 197 :: 100
Frame 2 :: spaceship 452.6,290.3,75,0 :: [asteroid_large 168.1,565.0,89,0, asteroid_small 637.7,526.7,63,2, asteroid_small 775.9,320.5,36,3, asteroid_small 397.2,562.0,272,4, asteroid_large 532.8,73.1,74,5] :: [] :: 196 :: 100
Frame 3 :: spaceship 455.2,280.7,75,0 :: [asteroid_large 168.2,562.0,89,0, asteroid_small 639.1,524.0,63,2, asteroid_small 778.3,318.7,36,3, asteroid_small 397.3,565.0,272,4, asteroid_large 533.7,70.2,74,5] :: [] :: 195 :: 100
Frame 4 :: spaceship 457.8,271.0,75,0 :: [asteroid_large 168.2,559.0,89,0, asteroid_small 640.4,521.3,63,2, asteroid_small 780.7,316.9,36,3, asteroid_small 397.4,568.0,272,4, asteroid_large 534.5,67.3,74,5] :: [] :: 194 :: 100
Frame 5 :: spaceship 460.4,261.4,75,0 :: [asteroid_large 168.3,556.0,89,0, asteroid_small 641.8,518.6,63,2, asteroid_small 783.1,315.2,36,3, asteroid_small 397.5,571.0,272,4, asteroid_large 535.3,64.5,74,5] :: [] :: 193 :: 100
Frame 6 :: spaceship 462.9,251.7,75,0 :: [asteroid_large 168.3,553.0,89,0, asteroid_small 643.2,516.0,63,2, asteroid_small 785.6,313.4,36,3, asteroid_small 397.6,574.0,272,4, asteroid_large 536.1,61.6,74,5] :: [] :: 192 :: 100
Frame 7 :: spaceship 465.5,242.0,75,0 :: [asteroid_large 168.4,550.0,89,0, asteroid_small 644.5,513.3,63,2, asteroid_small 788.0,311.7,36,3, asteroid_small 397.7,577.0,272,4, asteroid_large 537.0,58.7,74,5] :: [] :: 191 :: 100
Frame 8 :: spaceship 468.1,232.4,75,0 :: [asteroid_large 168.4,547.0,89,0, asteroid_small 645.9,510.6,63,2, asteroid_small 790.4,309.9,36,3, asteroid_small 397.8,580.0,272,4, asteroid_large 537.8,55.8,74,5] :: [] :: 190 :: 100
Frame 9 :: spaceship 470.7,222.7,75,0 :: [asteroid_large 168.5,544.0,89,0, asteroid_small 647.3,507.9,63,2, asteroid_small 792.8,308.1,36,3, asteroid_small 397.9,583.0,272,4, asteroid_large 538.6,52.9,74,5] :: [] :: 189 :: 100
Frame 10 :: spaceship 473.3,213.1,75,0 :: [asteroid_large 168.5,541.0,89,0, asteroid_small 648.6,505.3,63,2, asteroid_small 795.3,306.4,36,3, asteroid_small 398.0,586.0,272,4, asteroid_large 539.4,50.0,74,5] :: [] :: 188 :: 100
Frame 11 :: spaceship 475.9,203.4,75,0 :: [asteroid_large 168.6,538.0,89,0, asteroid_small 650.0,502.6,63,2, asteroid_small 797.7,304.6,36,3, asteroid_small 398.2,589.0,272,4, asteroid_large 540.3,47.2,74,5] :: [] :: 187 :: 100
Frame 12 :: spaceship 478.5,193.7,75,0 :: [asteroid_large 168.6,535.0,89,0, asteroid_small 651.3,499.9,63,2, asteroid_small 800.1,302.8,36,3, asteroid_small 398.3,592.0,272,4, asteroid_large 541.1,44.3,74,5] :: [] :: 186 :: 100
Frame 13 :: spaceship 481.1,184.1,75,0 :: [asteroid_large 168.7,532.0,89,0, asteroid_small 652.7,497.3,63,2, asteroid_small 802.6,301.1,36,3, asteroid_small 398.4,595.0,272,4, asteroid_large 541.9,41.4,74,5] :: [] :: 185 :: 100
Frame 14 :: spaceship 483.6,174.4,75,0 :: [asteroid_large 168.7,529.0,89,0, asteroid_small 654.1,494.6,63,2, asteroid_small 805.0,299.3,36,3, asteroid_small 398.5,598.0,272,4, asteroid_large 542.7,38.5,74,5] :: [] :: 184 :: 100
Frame 15 :: spaceship 486.2,164.8,75,0 :: [asteroid_large 168.8,526.0,89,0, asteroid_small 655.4,491.9,63,2, asteroid_small 807.4,297.5,36,3, asteroid_small 398.6,0,272,4, asteroid_large 543.6,35.6,74,5] :: [] :: 183 :: 100
Frame 16 :: spaceship 488.8,155.1,75,0 :: [asteroid_large 168.8,523.0,89,0, asteroid_small 656.8,489.2,63,2, asteroid_small 809.8,295.8,36,3, asteroid_small 398.7,3.0,272,4, asteroid_large 544.4,32.7,74,5] :: [] :: 182 :: 100
Frame 17 :: spaceship 491.4,145.5,75,0 :: [asteroid_large 168.9,520.0,89,0, asteroid_small 658.2,486.6,63,2, asteroid_small 812.3,294.0,36,3, asteroid_small 398.8,6.0,272,4, asteroid_large 545.2,29.9,74,5] :: [] :: 181 :: 100
Frame 18 :: spaceship 494.0,135.8,75,0 :: [asteroid_large 168.9,517.0,89,0, asteroid_small 659.5,483.9,63,2, asteroid_small 814.7,292.3,36,3, asteroid_small 398.9,9.0,272,4, asteroid_large 546.1,27.0,74,5] :: [] :: 180 :: 100
Frame 19 :: spaceship 499.0,127.1,60,0 :: [asteroid_large 169.0,514.0,89,0, asteroid_small 660.9,481.2,63,2, asteroid_small 817.1,290.5,36,3, asteroid_small 399.0,12.0,272,4, asteroid_large 546.9,24.1,74,5] :: [] :: 179 :: 100
Frame 20 :: spaceship 499.0,127.1,60,0 :: [asteroid_large 169.0,511.0,89,0, asteroid_small 662.2,478.5,63,2, asteroid_small 819.5,288.7,36,3, asteroid_small 399.1,15.0,272,4, asteroid_large 547.7,21.2,74,5] :: [bullet 514.0,101.2,60,1] :: 176 :: 100
Frame 21 :: spaceship 499.0,127.1,60,0 :: [asteroid_large 169.1,508.0,89,0, asteroid_small 663.6,475.9,63,2, asteroid_small 822.0,287.0,36,3, asteroid_small 399.2,18.0,272,4, asteroid_large 548.5,18.3,74,5] :: [bullet 529.0,75.2,60,1] :: 175 :: 100
Added asteroid 6
Frame 22 :: spaceship 499.0,127.1,60,0 :: [asteroid_large 169.2,505.0,89,0, asteroid_small 665.0,473.2,63,2, asteroid_small 824.4,285.2,36,3, asteroid_small 399.3,21.0,272,4, asteroid_small 176.0,514.0,254,6] :: [] :: 174 :: 200
Frame 23 :: spaceship 501.6,117.5,75,0 :: [asteroid_large 169.2,502.0,89,0, asteroid_small 666.3,470.5,63,2, asteroid_small 826.8,283.4,36,3, asteroid_small 399.4,24.0,272,4, asteroid_small 175.2,516.9,254,6] :: [] :: 173 :: 200
Frame 24 :: spaceship 501.6,107.5,90,0 :: [asteroid_large 169.3,499.0,89,0, asteroid_small 667.7,467.8,63,2, asteroid_small 829.2,281.7,36,3, asteroid_small 399.5,27.0,272,4, asteroid_small 174.3,519.8,254,6] :: [] :: 172 :: 200
Frame 25 :: spaceship 499.0,97.8,105,0 :: [asteroid_large 169.3,496.0,89,0, asteroid_small 669.0,465.2,63,2, asteroid_small 831.7,279.9,36,3, asteroid_small 399.6,30.0,272,4, asteroid_small 173.5,522.7,254,6] :: [] :: 171 :: 200
Frame 26 :: spaceship 494.0,89.2,120,0 :: [asteroid_large 169.4,493.0,89,0, asteroid_small 670.4,462.5,63,2, asteroid_small 834.1,278.2,36,3, asteroid_small 399.7,33.0,272,4, asteroid_small 172.7,525.5,254,6] :: [] :: 170 :: 200
Frame 27 :: spaceship 494.0,89.2,135,0 :: [asteroid_large 169.4,490.0,89,0, asteroid_small 671.8,459.8,63,2, asteroid_small 836.5,276.4,36,3, asteroid_small 399.8,36.0,272,4, asteroid_small 171.9,528.4,254,6] :: [] :: 169 :: 200
Frame 28 :: spaceship 494.0,89.2,150,0 :: [asteroid_large 169.5,487.0,89,0, asteroid_small 673.1,457.2,63,2, asteroid_small 839.0,274.6,36,3, asteroid_small 399.9,39.0,272,4, asteroid_small 171.0,531.3,254,6] :: [bullet 468.0,74.2,150,2] :: 166 :: 200
Frame 29 :: spaceship 494.0,89.2,150,0 :: [asteroid_large 169.5,484.0,89,0, asteroid_small 674.5,454.5,63,2, asteroid_small 841.4,272.9,36,3, asteroid_small 400.0,42.0,272,4, asteroid_small 170.2,534.2,254,6] :: [bullet 442.0,59.2,150,2] :: 165 :: 200
Added asteroid 7
Frame 30 :: spaceship 494.0,89.2,150,0 :: [asteroid_large 169.6,481.0,89,0, asteroid_small 675.9,451.8,63,2, asteroid_small 843.8,271.1,36,3, asteroid_small 169.4,537.1,254,6, asteroid_large 291.0,407.0,41,7] :: [] :: 164 :: 350
Frame 31 :: spaceship 484.3,86.6,165,0 :: [asteroid_large 169.6,478.0,89,0, asteroid_small 677.2,449.1,63,2, asteroid_small 846.2,269.3,36,3, asteroid_small 168.6,540.0,254,6, asteroid_large 293.3,405.0,41,7] :: [] :: 163 :: 350
Frame 32 :: spaceship 474.3,86.6,180,0 :: [asteroid_large 169.7,475.0,89,0, asteroid_small 678.6,446.5,63,2, asteroid_small 848.7,267.6,36,3, asteroid_small 167.7,542.8,254,6, asteroid_large 295.5,403.1,41,7] :: [] :: 162 :: 350
Frame 33 :: spaceship 464.7,89.2,195,0 :: [asteroid_large 169.7,472.0,89,0, asteroid_small 679.9,443.8,63,2, asteroid_small 851.1,265.8,36,3, asteroid_small 166.9,545.7,254,6, asteroid_large 297.8,401.1,41,7] :: [] :: 161 :: 350
Frame 34 :: spaceship 456.0,94.2,210,0 :: [asteroid_large 169.8,469.0,89,0, asteroid_small 681.3,441.1,63,2, asteroid_small 853.5,264.0,36,3, asteroid_small 166.1,548.6,254,6, asteroid_large 300.1,399.1,41,7] :: [] :: 160 :: 350
Frame 35 :: spaceship 448.9,101.2,225,0 :: [asteroid_large 169.8,466.0,89,0, asteroid_small 682.7,438.4,63,2, asteroid_small 855.9,262.3,36,3, asteroid_small 165.3,551.5,254,6, asteroid_large 302.3,397.2,41,7] :: [] :: 159 :: 350
Frame 36 :: spaceship 443.9,109.9,240,0 :: [asteroid_large 169.9,463.0,89,0, asteroid_small 684.0,435.8,63,2, asteroid_small 858.4,260.5,36,3, asteroid_small 164.4,554.4,254,6, asteroid_large 304.6,395.2,41,7] :: [] :: 158 :: 350
Frame 37 :: spaceship 438.9,118.5,240,0 :: [asteroid_large 169.9,460.0,89,0, asteroid_small 685.4,433.1,63,2, asteroid_small 860.8,258.8,36,3, asteroid_small 163.6,557.3,254,6, asteroid_large 306.8,393.2,41,7] :: [] :: 157 :: 350
Frame 38 :: spaceship 433.9,127.2,240,0 :: [asteroid_large 170.0,457.0,89,0, asteroid_small 686.8,430.4,63,2, asteroid_small 863.2,257.0,36,3, asteroid_small 162.8,560.1,254,6, asteroid_large 309.1,391.3,41,7] :: [] :: 156 :: 350
Frame 39 :: spaceship 428.9,135.9,240,0 :: [asteroid_large 170.0,454.0,89,0, asteroid_small 688.1,427.8,63,2, asteroid_small 865.7,255.2,36,3, asteroid_small 161.9,563.0,254,6, asteroid_large 311.4,389.3,41,7] :: [] :: 155 :: 350
Frame 40 :: spaceship 423.9,144.5,240,0 :: [asteroid_large 170.1,451.0,89,0, asteroid_small 689.5,425.1,63,2, asteroid_small 868.1,253.5,36,3, asteroid_small 161.1,565.9,254,6, asteroid_large 313.6,387.3,41,7] :: [] :: 154 :: 350
Frame 41 :: spaceship 418.9,153.2,240,0 :: [asteroid_large 170.1,448.0,89,0, asteroid_small 690.8,422.4,63,2, asteroid_small 870.5,251.7,36,3, asteroid_small 160.3,568.8,254,6, asteroid_large 315.9,385.4,41,7] :: [] :: 153 :: 350
Frame 42 :: spaceship 413.9,161.8,240,0 :: [asteroid_large 170.2,445.0,89,0, asteroid_small 692.2,419.7,63,2, asteroid_small 872.9,249.9,36,3, asteroid_small 159.5,571.7,254,6, asteroid_large 318.2,383.4,41,7] :: [] :: 152 :: 350
Frame 43 :: spaceship 408.9,170.5,240,0 :: [asteroid_large 170.3,442.0,89,0, asteroid_small 693.6,417.1,63,2, asteroid_small 875.4,248.2,36,3, asteroid_small 158.6,574.6,254,6, asteroid_large 320.4,381.4,41,7] :: [] :: 151 :: 350
75% fuel warning: 150 remaining
Frame 44 :: spaceship 403.9,179.2,240,0 :: [asteroid_large 170.3,439.0,89,0, asteroid_small 694.9,414.4,63,2, asteroid_small 877.8,246.4,36,3, asteroid_small 157.8,577.4,254,6, asteroid_large 322.7,379.4,41,7] :: [] :: 150 :: 350
Frame 45 :: spaceship 398.9,187.8,240,0 :: [asteroid_large 170.4,436.0,89,0, asteroid_small 696.3,411.7,63,2, asteroid_small 880.2,244.6,36,3, asteroid_small 157.0,580.3,254,6, asteroid_large 325.0,377.5,41,7] :: [] :: 149 :: 350
Frame 46 :: spaceship 393.9,196.5,240,0 :: [asteroid_large 170.4,433.0,89,0, asteroid_small 697.7,409.0,63,2, asteroid_small 882.6,242.9,36,3, asteroid_small 156.2,583.2,254,6, asteroid_large 327.2,375.5,41,7] :: [] :: 148 :: 350
Frame 47 :: spaceship 388.9,205.1,240,0 :: [asteroid_large 170.5,430.0,89,0, asteroid_small 699.0,406.4,63,2, asteroid_small 885.1,241.1,36,3, asteroid_small 155.3,586.1,254,6, asteroid_large 329.5,373.5,41,7] :: [] :: 147 :: 350
Frame 48 :: spaceship 386.4,214.8,255,0 :: [asteroid_large 170.5,427.0,89,0, asteroid_small 700.4,403.7,63,2, asteroid_small 887.5,239.4,36,3, asteroid_small 154.5,589.0,254,6, asteroid_large 331.8,371.6,41,7] :: [] :: 146 :: 350
Frame 49 :: spaceship 383.8,224.5,255,0 :: [asteroid_large 170.6,424.0,89,0, asteroid_small 701.7,401.0,63,2, asteroid_small 889.9,237.6,36,3, asteroid_small 153.7,591.9,254,6, asteroid_large 334.0,369.6,41,7] :: [] :: 145 :: 350
Frame 50 :: spaceship 381.2,234.1,255,0 :: [asteroid_large 170.6,421.0,89,0, asteroid_small 703.1,398.3,63,2, asteroid_small 892.4,235.8,36,3, asteroid_small 152.8,594.7,254,6, asteroid_large 336.3,367.6,41,7] :: [] :: 144 :: 350
Frame 51 :: spaceship 378.6,243.8,255,0 :: [asteroid_large 170.7,418.0,89,0, asteroid_small 704.5,395.7,63,2, asteroid_small 894.8,234.1,36,3, asteroid_small 152.0,597.6,254,6, asteroid_large 338.5,365.7,41,7] :: [] :: 143 :: 350
Frame 52 :: spaceship 376.0,253.4,255,0 :: [asteroid_large 170.7,415.0,89,0, asteroid_small 705.8,393.0,63,2, asteroid_small 897.2,232.3,36,3, asteroid_small 151.2,0,254,6, asteroid_large 340.8,363.7,41,7] :: [] :: 142 :: 350
Frame 53 :: spaceship 376.0,253.4,255,0 :: [asteroid_large 170.8,412.0,89,0, asteroid_small 707.2,390.3,63,2, asteroid_small 899.6,230.5,36,3, asteroid_small 150.4,2.9,254,6, asteroid_large 343.1,361.7,41,7] :: [bullet 368.2,282.4,255,3] :: 139 :: 350
Frame 54 :: spaceship 376.0,253.4,255,0 :: [asteroid_large 170.8,409.0,89,0, asteroid_small 708.5,387.7,63,2, asteroid_small 0,228.8,36,3, asteroid_small 149.5,5.8,254,6, asteroid_large 345.3,359.8,41,7] :: [bullet 360.5,311.4,255,3] :: 138 :: 350
Added asteroid 8
Frame 55 :: spaceship 376.0,253.4,255,0 :: [asteroid_large 170.9,406.0,89,0, asteroid_small 709.9,385.0,63,2, asteroid_small 2.4,227.0,36,3, asteroid_small 148.7,8.7,254,6, asteroid_small 443.0,402.0,356,8] :: [] :: 137 :: 450
Frame 56 :: spaceship 376.0,263.4,270,0 :: [asteroid_large 170.9,403.0,89,0, asteroid_small 711.3,382.3,63,2, asteroid_small 4.9,225.3,36,3, asteroid_small 147.9,11.5,254,6, asteroid_small 446.0,402.2,356,8] :: [] :: 136 :: 450
Frame 57 :: spaceship 378.6,273.1,285,0 :: [asteroid_large 171.0,400.0,89,0, asteroid_small 712.6,379.6,63,2, asteroid_small 7.3,223.5,36,3, asteroid_small 147.1,14.4,254,6, asteroid_small 449.0,402.4,356,8] :: [] :: 135 :: 450
Frame 58 :: spaceship 383.6,281.8,300,0 :: [asteroid_large 171.0,397.0,89,0, asteroid_small 714.0,377.0,63,2, asteroid_small 9.7,221.7,36,3, asteroid_small 146.2,17.3,254,6, asteroid_small 452.0,402.6,356,8] :: [] :: 134 :: 450
Frame 59 :: spaceship 388.6,290.4,300,0 :: [asteroid_large 171.1,394.0,89,0, asteroid_small 715.4,374.3,63,2, asteroid_small 12.1,220.0,36,3, asteroid_small 145.4,20.2,254,6, asteroid_small 455.0,402.8,356,8] :: [] :: 133 :: 450
Frame 60 :: spaceship 393.6,299.1,300,0 :: [asteroid_large 171.1,391.0,89,0, asteroid_small 716.7,371.6,63,2, asteroid_small 14.6,218.2,36,3, asteroid_small 144.6,23.1,254,6, asteroid_small 458.0,403.0,356,8] :: [] :: 132 :: 450
Frame 61 :: spaceship 398.6,307.7,300,0 :: [asteroid_large 171.2,388.0,89,0, asteroid_small 718.1,368.9,63,2, asteroid_small 17.0,216.4,36,3, asteroid_small 143.8,26.0,254,6, asteroid_small 461.0,403.3,356,8] :: [] :: 131 :: 450
Frame 62 :: spaceship 398.6,307.7,300,0 :: [asteroid_large 171.2,385.0,89,0, asteroid_small 719.4,366.3,63,2, asteroid_small 19.4,214.7,36,3, asteroid_small 142.9,28.8,254,6, asteroid_small 463.9,403.5,356,8] :: [bullet 413.6,333.7,300,4] :: 128 :: 450
Frame 63 :: spaceship 398.6,307.7,300,0 :: [asteroid_large 171.3,382.0,89,0, asteroid_small 720.8,363.6,63,2, asteroid_small 21.8,212.9,36,3, asteroid_small 142.1,31.7,254,6, asteroid_small 466.9,403.7,356,8] :: [bullet 428.6,359.7,300,4] :: 127 :: 450
Frame 64 :: spaceship 398.6,307.7,300,0 :: [asteroid_large 171.4,379.0,89,0, asteroid_small 722.2,360.9,63,2, asteroid_small 24.3,211.1,36,3, asteroid_small 141.3,34.6,254,6, asteroid_small 469.9,403.9,356,8] :: [bullet 443.6,385.7,300,4] :: 126 :: 450
Added asteroid 9
Frame 65 :: spaceship 398.6,307.7,300,0 :: [asteroid_large 171.4,376.0,89,0, asteroid_small 723.5,358.3,63,2, asteroid_small 26.7,209.4,36,3, asteroid_small 140.4,37.5,254,6, asteroid_small 625.0,225.0,27,9] :: [] :: 125 :: 600
Frame 66 :: spaceship 401.2,317.4,285,0 :: [asteroid_large 171.5,373.0,89,0, asteroid_small 724.9,355.6,63,2, asteroid_small 29.1,207.6,36,3, asteroid_small 139.6,40.4,254,6, asteroid_small 627.7,223.6,27,9] :: [] :: 124 :: 600
Frame 67 :: spaceship 401.2,327.4,270,0 :: [asteroid_large 171.5,370.0,89,0, asteroid_small 726.3,352.9,63,2, asteroid_small 31.6,205.9,36,3, asteroid_small 138.8,43.3,254,6, asteroid_small 630.3,222.3,27,9] :: [] :: 123 :: 600
Frame 68 :: spaceship 398.6,337.1,255,0 :: [asteroid_large 171.6,367.0,89,0, asteroid_small 727.6,350.2,63,2, asteroid_small 34.0,204.1,36,3, asteroid_small 138.0,46.1,254,6, asteroid_small 633.0,220.9,27,9] :: [] :: 122 :: 600
Frame 69 :: spaceship 393.6,345.7,240,0 :: [asteroid_large 171.6,364.0,89,0, asteroid_small 729.0,347.6,63,2, asteroid_small 36.4,202.3,36,3, asteroid_small 137.1,49.0,254,6, asteroid_small 635.7,219.6,27,9] :: [] :: 121 :: 600
Frame 70 :: spaceship 386.5,352.8,225,0 :: [asteroid_large 171.7,361.0,89,0, asteroid_small 730.3,344.9,63,2, asteroid_small 38.8,200.6,36,3, asteroid_small 136.3,51.9,254,6, asteroid_small 638.4,218.2,27,9] :: [] :: 120 :: 600
Frame 71 :: spaceship 377.9,357.8,210,0 :: [asteroid_large 171.7,358.0,89,0, asteroid_small 731.7,342.2,63,2, asteroid_small 41.3,198.8,36,3, asteroid_small 135.5,54.8,254,6, asteroid_small 641.0,216.8,27,9] :: [] :: 119 :: 600
Frame 72 :: spaceship 368.2,360.4,195,0 :: [asteroid_large 171.8,355.0,89,0, asteroid_small 733.1,339.5,63,2, asteroid_small 43.7,197.0,36,3, asteroid_small 134.7,57.7,254,6, asteroid_small 643.7,215.5,27,9] :: [] :: 118 :: 600
Frame 73 :: spaceship 358.2,360.4,180,0 :: [asteroid_large 171.8,352.0,89,0, asteroid_small 734.4,336.9,63,2, asteroid_small 46.1,195.3,36,3, asteroid_small 133.8,60.6,254,6, asteroid_small 646.4,214.1,27,9] :: [] :: 117 :: 600
Frame 74 :: spaceship 348.2,360.4,180,0 :: [asteroid_large 171.9,349.0,89,0, asteroid_small 735.8,334.2,63,2, asteroid_small 48.5,193.5,36,3, asteroid_small 133.0,63.4,254,6, asteroid_small 649.1,212.7,27,9] :: [] :: 116 :: 600
Frame 75 :: spaceship 338.2,360.4,180,0 :: [asteroid_large 171.9,346.0,89,0, asteroid_small 737.1,331.5,63,2, asteroid_small 51.0,191.7,36,3, asteroid_small 132.2,66.3,254,6, asteroid_small 651.7,211.4,27,9] :: [] :: 115 :: 600
Frame 76 :: spaceship 328.2,360.4,180,0 :: [asteroid_large 172.0,343.0,89,0, asteroid_small 738.5,328.9,63,2, asteroid_small 53.4,190.0,36,3, asteroid_small 131.3,69.2,254,6, asteroid_small 654.4,210.0,27,9] :: [] :: 114 :: 600
Frame 77 :: spaceship 318.2,360.4,180,0 :: [asteroid_large 172.0,340.0,89,0, asteroid_small 739.9,326.2,63,2, asteroid_small 55.8,188.2,36,3, asteroid_small 130.5,72.1,254,6, asteroid_small 657.1,208.7,27,9] :: [] :: 113 :: 600
Frame 78 :: spaceship 308.2,360.4,180,0 :: [asteroid_large 172.1,337.0,89,0, asteroid_small 741.2,323.5,63,2, asteroid_small 58.2,186.5,36,3, asteroid_small 129.7,75.0,254,6, asteroid_small 659.7,207.3,27,9] :: [] :: 112 :: 600
Frame 79 :: spaceship 298.2,360.4,180,0 :: [asteroid_large 172.1,334.0,89,0, asteroid_small 742.6,320.8,63,2, asteroid_small 60.7,184.7,36,3, asteroid_small 128.9,77.9,254,6, asteroid_small 662.4,205.9,27,9] :: [] :: 111 :: 600
Frame 80 :: spaceship 288.5,357.8,165,0 :: [asteroid_large 172.2,331.0,89,0, asteroid_small 744.0,318.2,63,2, asteroid_small 63.1,182.9,36,3, asteroid_small 128.0,80.7,254,6, asteroid_small 665.1,204.6,27,9] :: [] :: 110 :: 600
Frame 81 :: spaceship 288.5,357.8,165,0 :: [asteroid_large 172.2,328.0,89,0, asteroid_small 745.3,315.5,63,2, asteroid_small 65.5,181.2,36,3, asteroid_small 127.2,83.6,254,6, asteroid_small 667.8,203.2,27,9] :: [bullet 259.6,350.0,165,5] :: 107 :: 600
Frame 82 :: spaceship 278.9,355.2,165,0 :: [asteroid_large 172.3,325.0,89,0, asteroid_small 746.7,312.8,63,2, asteroid_small 68.0,179.4,36,3, asteroid_small 126.4,86.5,254,6, asteroid_small 670.4,201.8,27,9] :: [bullet 230.6,342.3,165,5] :: 106 :: 600
Added asteroid 10
Frame 83 :: spaceship 278.9,355.2,165,0 :: [asteroid_small 748.0,310.1,63,2, asteroid_small 70.4,177.6,36,3, asteroid_small 125.6,89.4,254,6, asteroid_small 673.1,200.5,27,9, asteroid_large 111.0,169.0,36,10] :: [] :: 105 :: 700
Frame 84 :: spaceship 270.2,350.2,150,0 :: [asteroid_small 749.4,307.5,63,2, asteroid_small 72.8,175.9,36,3, asteroid_small 124.7,92.3,254,6, asteroid_small 675.8,199.1,27,9, asteroid_large 113.4,167.2,36,10] :: [] :: 104 :: 700
Frame 85 :: spaceship 263.2,343.1,135,0 :: [asteroid_small 750.8,304.8,63,2, asteroid_small 75.2,174.1,36,3, asteroid_small 123.9,95.2,254,6, asteroid_small 678.5,197.8,27,9, asteroid_large 115.9,165.5,36,10] :: [] :: 103 :: 700
Frame 86 :: spaceship 256.1,336.1,135,0 :: [asteroid_small 752.1,302.1,63,2, asteroid_small 77.7,172.4,36,3, asteroid_small 123.1,98.0,254,6, asteroid_small 681.1,196.4,27,9, asteroid_large 118.3,163.7,36,10] :: [] :: 102 :: 700
Frame 87 :: spaceship 249.0,329.0,135,0 :: [asteroid_small 753.5,299.4,63,2, asteroid_small 80.1,170.6,36,3, asteroid_small 122.3,100.9,254,6, asteroid_small 683.8,195.0,27,9, asteroid_large 120.7,161.9,36,10] :: [] :: 101 :: 700
50% fuel warning: 100 remaining
Frame 88 :: spaceship 241.9,321.9,135,0 :: [asteroid_small 754.9,296.8,63,2, asteroid_small 82.5,168.8,36,3, asteroid_small 121.4,103.8,254,6, asteroid_small 686.5,193.7,27,9, asteroid_large 123.1,160.2,36,10] :: [] :: 100 :: 700
Frame 89 :: spaceship 234.9,314.9,135,0 :: [asteroid_small 756.2,294.1,63,2, asteroid_small 84.9,167.1,36,3, asteroid_small 120.6,106.7,254,6, asteroid_small 689.2,192.3,27,9, asteroid_large 125.6,158.4,36,10] :: [] :: 99 :: 700
Frame 90 :: spaceship 229.9,306.2,120,0 :: [asteroid_small 757.6,291.4,63,2, asteroid_small 87.4,165.3,36,3, asteroid_small 119.8,109.6,254,6, asteroid_small 691.8,191.0,27,9, asteroid_large 128.0,156.7,36,10] :: [] :: 98 :: 700
Frame 91 :: spaceship 224.9,297.5,120,0 :: [asteroid_small 758.9,288.8,63,2, asteroid_small 89.8,163.5,36,3, asteroid_small 118.9,112.5,254,6, asteroid_small 694.5,189.6,27,9, asteroid_large 130.4,154.9,36,10] :: [] :: 97 :: 700
Frame 92 :: spaceship 219.9,288.9,120,0 :: [asteroid_small 760.3,286.1,63,2, asteroid_small 92.2,161.8,36,3, asteroid_small 118.1,115.4,254,6, asteroid_small 697.2,188.2,27,9, asteroid_large 132.8,153.1,36,10] :: [] :: 96 :: 700
Frame 93 :: spaceship 214.9,280.2,120,0 :: [asteroid_small 761.7,283.4,63,2, asteroid_small 94.7,160.0,36,3, asteroid_small 117.3,118.2,254,6, asteroid_small 699.8,186.9,27,9, asteroid_large 135.3,151.4,36,10] :: [] :: 95 :: 700
Frame 94 :: spaceship 209.9,271.5,120,0 :: [asteroid_small 763.0,280.7,63,2, asteroid_small 97.1,158.2,36,3, asteroid_small 116.5,121.1,254,6, asteroid_small 702.5,185.5,27,9, asteroid_large 137.7,149.6,36,10] :: [] :: 94 :: 700
Frame 95 :: spaceship 204.9,262.9,120,0 :: [asteroid_small 764.4,278.1,63,2, asteroid_small 99.5,156.5,36,3, asteroid_small 115.6,124.0,254,6, asteroid_small 705.2,184.1,27,9, asteroid_large 140.1,147.8,36,10] :: [] :: 93 :: 700
Frame 96 :: spaceship 199.9,254.2,120,0 :: [asteroid_small 765.7,275.4,63,2, asteroid_small 101.9,154.7,36,3, asteroid_small 114.8,126.9,254,6, asteroid_small 707.9,182.8,27,9, asteroid_large 142.6,146.1,36,10] :: [] :: 92 :: 700
Frame 97 :: spaceship 194.9,245.6,120,0 :: [asteroid_small 767.1,272.7,63,2, asteroid_small 104.4,153.0,36,3, asteroid_small 114.0,129.8,254,6, asteroid_small 710.5,181.4,27,9, asteroid_large 145.0,144.3,36,10] :: [] :: 91 :: 700
Frame 98 :: spaceship 194.9,245.6,120,0 :: [asteroid_small 768.5,270.0,63,2, asteroid_small 106.8,151.2,36,3, asteroid_small 113.2,132.7,254,6, asteroid_small 713.2,180.1,27,9, asteroid_large 147.4,142.5,36,10] :: [bullet 179.9,219.6,120,6] :: 88 :: 700
Frame 99 :: spaceship 194.9,245.6,120,0 :: [asteroid_small 769.8,267.4,63,2, asteroid_small 109.2,149.4,36,3, asteroid_small 112.3,135.5,254,6, asteroid_small 715.9,178.7,27,9, asteroid_large 149.8,140.8,36,10] :: [bullet 164.9,193.6,120,6] :: 87 :: 700
Added asteroid 11
Frame 100 :: spaceship 194.9,245.6,120,0 :: [asteroid_small 771.2,264.7,63,2, asteroid_small 111.6,147.7,36,3, asteroid_small 111.5,138.4,254,6, asteroid_small 718.6,177.3,27,9, asteroid_small 756.0,384.0,85,11] :: [] :: 86 :: 800
Frame 101 :: spaceship 187.8,238.5,135,0 :: [asteroid_small 772.6,262.0,63,2, asteroid_small 114.1,145.9,36,3, asteroid_small 110.7,141.3,254,6, asteroid_small 721.2,176.0,27,9, asteroid_small 756.3,381.0,85,11] :: [] :: 85 :: 800
Frame 102 :: spaceship 187.8,238.5,135,0 :: [asteroid_small 773.9,259.4,63,2, asteroid_small 116.5,144.1,36,3, asteroid_small 109.8,144.2,254,6, asteroid_small 723.9,174.6,27,9, asteroid_small 756.5,378.0,85,11] :: [bullet 166.6,217.3,135,7] :: 82 :: 800
Frame 103 :: spaceship 187.8,238.5,135,0 :: [asteroid_small 775.3,256.7,63,2, asteroid_small 118.9,142.4,36,3, asteroid_small 109.0,147.1,254,6, asteroid_small 726.6,173.2,27,9, asteroid_small 756.8,375.0,85,11] :: [bullet 145.4,196.1,135,7] :: 81 :: 800
Frame 104 :: spaceship 187.8,238.5,135,0 :: [asteroid_small 776.6,254.0,63,2, asteroid_small 121.4,140.6,36,3, asteroid_small 108.2,150.0,254,6, asteroid_small 729.2,171.9,27,9, asteroid_small 757.0,372.0,85,11] :: [bullet 124.2,174.9,135,7] :: 80 :: 800
Added asteroid 12
Frame 105 :: spaceship 187.8,238.5,120,0 :: [asteroid_small 778.0,251.3,63,2, asteroid_small 123.8,138.8,36,3, asteroid_small 731.9,170.5,27,9, asteroid_small 757.3,369.1,85,11, asteroid_small 651.0,61.0,334,12] :: [] :: 79 :: 950
Frame 106 :: spaceship 187.8,238.5,120,0 :: [asteroid_small 779.4,248.7,63,2, asteroid_small 126.2,137.1,36,3, asteroid_small 734.6,169.2,27,9, asteroid_small 757.6,366.1,85,11, asteroid_small 653.7,62.3,334,12] :: [bullet 172.8,212.5,120,8] :: 76 :: 950
Frame 107 :: spaceship 187.8,238.5,120,0 :: [asteroid_small 780.7,246.0,63,2, asteroid_small 128.6,135.3,36,3, asteroid_small 737.3,167.8,27,9, asteroid_small 757.8,363.1,85,11, asteroid_small 656.4,63.6,334,12] :: [bullet 157.8,186.5,120,8] :: 75 :: 950
Frame 108 :: spaceship 187.8,238.5,120,0 :: [asteroid_small 782.1,243.3,63,2, asteroid_small 131.1,133.6,36,3, asteroid_small 739.9,166.4,27,9, asteroid_small 758.1,360.1,85,11, asteroid_small 659.1,64.9,334,12] :: [bullet 142.8,160.6,120,8] :: 74 :: 950
Added asteroid 13
Frame 109 :: spaceship 187.8,238.5,120,0 :: [asteroid_small 783.5,240.6,63,2, asteroid_small 742.6,165.1,27,9, asteroid_small 758.4,357.1,85,11, asteroid_small 661.8,66.3,334,12, asteroid_small 132.0,124.0,94,13] :: [] :: 73 :: 1100
Frame 110 :: spaceship 182.8,229.8,120,0 :: [asteroid_small 784.8,238.0,63,2, asteroid_small 745.3,163.7,27,9, asteroid_small 758.6,354.1,85,11, asteroid_small 664.5,67.6,334,12, asteroid_small 131.8,121.0,94,13] :: [] :: 72 :: 1100
Frame 111 :: spaceship 177.8,221.2,120,0 :: [asteroid_small 786.2,235.3,63,2, asteroid_small 748.0,162.3,27,9, asteroid_small 758.9,351.1,85,11, asteroid_small 667.2,68.9,334,12, asteroid_small 131.6,118.0,94,13] :: [] :: 71 :: 1100
Frame 112 :: spaceship 177.8,221.2,120,0 :: [asteroid_small 787.5,232.6,63,2, asteroid_small 750.6,161.0,27,9, asteroid_small 759.1,348.1,85,11, asteroid_small 669.9,70.2,334,12, asteroid_small 131.4,115.0,94,13] :: [bullet 162.8,195.2,120,9] :: 68 :: 1100
Frame 113 :: spaceship 177.8,221.2,120,0 :: [asteroid_small 788.9,229.9,63,2, asteroid_small 753.3,159.6,27,9, asteroid_small 759.4,345.1,85,11, asteroid_small 672.6,71.5,334,12, asteroid_small 131.2,112.0,94,13] :: [bullet 147.8,169.2,120,9] :: 67 :: 1100
Frame 114 :: spaceship 177.8,221.2,120,0 :: [asteroid_small 790.3,227.3,63,2, asteroid_small 756.0,158.3,27,9, asteroid_small 759.7,342.2,85,11, asteroid_small 675.3,72.8,334,12, asteroid_small 131.0,109.0,94,13] :: [bullet 132.8,143.2,120,9] :: 66 :: 1100
Added asteroid 14
Frame 115 :: spaceship 172.8,212.5,120,0 :: [asteroid_small 791.6,224.6,63,2, asteroid_small 758.7,156.9,27,9, asteroid_small 759.9,339.2,85,11, asteroid_small 678.0,74.2,334,12, asteroid_large 480.0,421.0,320,14] :: [] :: 65 :: 1250
Frame 116 :: spaceship 170.2,202.9,105,0 :: [asteroid_small 793.0,221.9,63,2, asteroid_small 761.3,155.5,27,9, asteroid_small 760.2,336.2,85,11, asteroid_small 680.7,75.5,334,12, asteroid_large 482.3,422.9,320,14] :: [] :: 64 :: 1250
Frame 117 :: spaceship 170.2,192.9,90,0 :: [asteroid_small 794.4,219.3,63,2, asteroid_small 764.0,154.2,27,9, asteroid_small 760.4,333.2,85,11, asteroid_small 683.4,76.8,334,12, asteroid_large 484.6,424.9,320,14] :: [] :: 63 :: 1250
Frame 118 :: spaceship 172.8,183.2,75,0 :: [asteroid_small 795.7,216.6,63,2, asteroid_small 766.7,152.8,27,9, asteroid_small 760.7,330.2,85,11, asteroid_small 686.1,78.1,334,12, asteroid_large 486.9,426.8,320,14] :: [] :: 62 :: 1250
Frame 119 :: spaceship 177.8,174.5,60,0 :: [asteroid_small 797.1,213.9,63,2, asteroid_small 769.3,151.5,27,9, asteroid_small 761.0,327.2,85,11, asteroid_small 688.7,79.4,334,12, asteroid_large 489.2,428.7,320,14] :: [] :: 61 :: 1250
Frame 120 :: spaceship 184.9,167.5,45,0 :: [asteroid_small 798.4,211.2,63,2, asteroid_small 772.0,150.1,27,9, asteroid_small 761.2,324.2,85,11, asteroid_small 691.4,80.7,334,12, asteroid_large 491.5,430.6,320,14] :: [] :: 60 :: 1250
Frame 121 :: spaceship 193.5,162.5,30,0 :: [asteroid_small 799.8,208.6,63,2, asteroid_small 774.7,148.7,27,9, asteroid_small 761.5,321.2,85,11, asteroid_small 694.1,82.0,334,12, asteroid_large 493.8,432.6,320,14] :: [] :: 59 :: 1250
Frame 122 :: spaceship 203.2,159.9,15,0 :: [asteroid_small 801.2,205.9,63,2, asteroid_small 777.4,147.4,27,9, asteroid_small 761.8,318.3,85,11, asteroid_small 696.8,83.4,334,12, asteroid_large 496.1,434.5,320,14] :: [] :: 58 :: 1250
Frame 123 :: spaceship 213.2,159.9,0,0 :: [asteroid_small 802.5,203.2,63,2, asteroid_small 780.0,146.0,27,9, asteroid_small 762.0,315.3,85,11, asteroid_small 699.5,84.7,334,12, asteroid_large 498.4,436.4,320,14] :: [] :: 57 :: 1250
Frame 124 :: spaceship 222.9,162.5,345,0 :: [asteroid_small 803.9,200.5,63,2, asteroid_small 782.7,144.6,27,9, asteroid_small 762.3,312.3,85,11, asteroid_small 702.2,86.0,334,12, asteroid_large 500.7,438.4,320,14] :: [] :: 56 :: 1250
Frame 125 :: spaceship 231.5,167.5,330,0 :: [asteroid_small 805.2,197.9,63,2, asteroid_small 785.4,143.3,27,9, asteroid_small 762.5,309.3,85,11, asteroid_small 704.9,87.3,334,12, asteroid_large 503.0,440.3,320,14] :: [] :: 55 :: 1250
Frame 126 :: spaceship 238.6,174.5,315,0 :: [asteroid_small 806.6,195.2,63,2, asteroid_small 788.1,141.9,27,9, asteroid_small 762.8,306.3,85,11, asteroid_small 707.6,88.6,334,12, asteroid_large 505.3,442.2,320,14] :: [] :: 54 :: 1250
Frame 127 :: spaceship 245.7,181.6,315,0 :: [asteroid_small 808.0,192.5,63,2, asteroid_small 790.7,140.6,27,9, asteroid_small 763.1,303.3,85,11, asteroid_small 710.3,89.9,334,12, asteroid_large 507.6,444.1,320,14] :: [] :: 53 :: 1250
Frame 128 :: spaceship 252.7,188.7,315,0 :: [asteroid_small 809.3,189.9,63,2, asteroid_small 793.4,139.2,27,9, asteroid_small 763.3,300.3,85,11, asteroid_small 713.0,91.2,334,12, asteroid_large 509.9,446.1,320,14] :: [] :: 52 :: 1250
Frame 129 :: spaceship 259.8,195.8,315,0 :: [asteroid_small 810.7,187.2,63,2, asteroid_small 796.1,137.8,27,9, asteroid_small 763.6,297.3,85,11, asteroid_small 715.7,92.6,334,12, asteroid_large 512.2,448.0,320,14] :: [] :: 51 :: 1250
25% fuel warning: 50 remaining
Frame 130 :: spaceship 266.9,202.8,315,0 :: [asteroid_small 812.1,184.5,63,2, asteroid_small 798.7,136.5,27,9, asteroid_small 763.8,294.3,85,11, asteroid_small 718.4,93.9,334,12, asteroid_large 514.5,449.9,320,14] :: [] :: 50 :: 1250
Frame 131 :: spaceship 273.9,209.9,315,0 :: [asteroid_small 813.4,181.8,63,2, asteroid_small 801.4,135.1,27,9, asteroid_small 764.1,291.4,85,11, asteroid_small 721.1,95.2,334,12, asteroid_large 516.8,451.9,320,14] :: [] :: 49 :: 1250
Frame 132 :: spaceship 281.0,217.0,315,0 :: [asteroid_small 814.8,179.2,63,2, asteroid_small 804.1,133.7,27,9, asteroid_small 764.4,288.4,85,11, asteroid_small 723.8,96.5,334,12, asteroid_large 519.1,453.8,320,14] :: [] :: 48 :: 1250
Frame 133 :: spaceship 288.1,224.0,315,0 :: [asteroid_small 816.1,176.5,63,2, asteroid_small 806.8,132.4,27,9, asteroid_small 764.6,285.4,85,11, asteroid_small 726.5,97.8,334,12, asteroid_large 521.4,455.7,320,14] :: [] :: 47 :: 1250
Frame 134 :: spaceship 295.2,231.1,315,0 :: [asteroid_small 817.5,173.8,63,2, asteroid_small 809.4,131.0,27,9, asteroid_small 764.9,282.4,85,11, asteroid_small 729.2,99.1,334,12, asteroid_large 523.7,457.6,320,14] :: [] :: 46 :: 1250
Frame 135 :: spaceship 302.2,238.2,315,0 :: [asteroid_small 818.9,171.1,63,2, asteroid_small 812.1,129.7,27,9, asteroid_small 765.2,279.4,85,11, asteroid_small 731.9,100.5,334,12, asteroid_large 526.0,459.6,320,14] :: [] :: 45 :: 1250
Frame 136 :: spaceship 309.3,245.2,315,0 :: [asteroid_small 820.2,168.5,63,2, asteroid_small 814.8,128.3,27,9, asteroid_small 765.4,276.4,85,11, asteroid_small 734.6,101.8,334,12, asteroid_large 528.3,461.5,320,14] :: [] :: 44 :: 1250
Frame 137 :: spaceship 316.4,252.3,315,0 :: [asteroid_small 821.6,165.8,63,2, asteroid_small 817.5,126.9,27,9, asteroid_small 765.7,273.4,85,11, asteroid_small 737.3,103.1,334,12, asteroid_large 530.6,463.4,320,14] :: [] :: 43 :: 1250
Frame 138 :: spaceship 323.4,259.4,315,0 :: [asteroid_small 823.0,163.1,63,2, asteroid_small 820.1,125.6,27,9, asteroid_small 765.9,270.4,85,11, asteroid_small 740.0,104.4,334,12, asteroid_large 532.9,465.4,320,14] :: [] :: 42 :: 1250
Frame 139 :: spaceship 330.5,266.5,315,0 :: [asteroid_small 824.3,160.5,63,2, asteroid_small 822.8,124.2,27,9, asteroid_small 766.2,267.4,85,11, asteroid_small 742.7,105.7,334,12, asteroid_large 535.2,467.3,320,14] :: [] :: 41 :: 1250
Frame 140 :: spaceship 337.6,273.5,315,0 :: [asteroid_small 825.7,157.8,63,2, asteroid_small 825.5,122.9,27,9, asteroid_small 766.5,264.5,85,11, asteroid_small 745.4,107.0,334,12, asteroid_large 537.5,469.2,320,14] :: [] :: 40 :: 1250
Frame 141 :: spaceship 344.6,280.6,315,0 :: [asteroid_small 827.0,155.1,63,2, asteroid_small 828.1,121.5,27,9, asteroid_small 766.7,261.5,85,11, asteroid_small 748.1,108.3,334,12, asteroid_large 539.8,471.1,320,14] :: [] :: 39 :: 1250
Frame 142 :: spaceship 351.7,287.7,315,0 :: [asteroid_small 828.4,152.4,63,2, asteroid_small 830.8,120.1,27,9, asteroid_small 767.0,258.5,85,11, asteroid_small 750.8,109.7,334,12, asteroid_large 542.0,473.1,320,14] :: [] :: 38 :: 1250
Frame 143 :: spaceship 358.8,294.7,315,0 :: [asteroid_small 829.8,149.8,63,2, asteroid_small 833.5,118.8,27,9, asteroid_small 767.2,255.5,85,11, asteroid_small 753.5,111.0,334,12, asteroid_large 544.3,475.0,320,14] :: [] :: 37 :: 1250
Frame 144 :: spaceship 365.9,301.8,315,0 :: [asteroid_small 831.1,147.1,63,2, asteroid_small 836.2,117.4,27,9, asteroid_small 767.5,252.5,85,11, asteroid_small 756.2,112.3,334,12, asteroid_large 546.6,476.9,320,14] :: [] :: 36 :: 1250
Frame 145 :: spaceship 372.9,308.9,315,0 :: [asteroid_small 832.5,144.4,63,2, asteroid_small 838.8,116.0,27,9, asteroid_small 767.8,249.5,85,11, asteroid_small 758.9,113.6,334,12, asteroid_large 548.9,478.9,320,14] :: [] :: 35 :: 1250
Frame 146 :: spaceship 380.0,316.0,315,0 :: [asteroid_small 833.8,141.7,63,2, asteroid_small 841.5,114.7,27,9, asteroid_small 768.0,246.5,85,11, asteroid_small 761.6,114.9,334,12, asteroid_large 551.2,480.8,320,14] :: [] :: 34 :: 1250
Frame 147 :: spaceship 387.1,323.0,315,0 :: [asteroid_small 835.2,139.1,63,2, asteroid_small 844.2,113.3,27,9, asteroid_small 768.3,243.5,85,11, asteroid_small 764.2,116.2,334,12, asteroid_large 553.5,482.7,320,14] :: [] :: 33 :: 1250
Frame 148 :: spaceship 394.1,330.1,315,0 :: [asteroid_small 836.6,136.4,63,2, asteroid_small 846.9,112.0,27,9, asteroid_small 768.6,240.5,85,11, asteroid_small 766.9,117.5,334,12, asteroid_large 555.8,484.6,320,14] :: [] :: 32 :: 1250
Frame 149 :: spaceship 401.2,337.2,315,0 :: [asteroid_small 837.9,133.7,63,2, asteroid_small 849.5,110.6,27,9, asteroid_small 768.8,237.6,85,11, asteroid_small 769.6,118.9,334,12, asteroid_large 558.1,486.6,320,14] :: [] :: 31 :: 1250
Frame 150 :: spaceship 408.3,344.2,315,0 :: [asteroid_small 839.3,131.0,63,2, asteroid_small 852.2,109.2,27,9, asteroid_small 769.1,234.6,85,11, asteroid_small 772.3,120.2,334,12, asteroid_large 560.4,488.5,320,14] :: [] :: 30 :: 1250
Frame 151 :: spaceship 415.4,351.3,315,0 :: [asteroid_small 840.7,128.4,63,2, asteroid_small 854.9,107.9,27,9, asteroid_small 769.3,231.6,85,11, asteroid_small 775.0,121.5,334,12, asteroid_large 562.7,490.4,320,14] :: [] :: 29 :: 1250
Frame 152 :: spaceship 422.4,358.4,315,0 :: [asteroid_small 842.0,125.7,63,2, asteroid_small 857.6,106.5,27,9, asteroid_small 769.6,228.6,85,11, asteroid_small 777.7,122.8,334,12, asteroid_large 565.0,492.3,320,14] :: [] :: 28 :: 1250
Frame 153 :: spaceship 429.5,365.5,315,0 :: [asteroid_small 843.4,123.0,63,2, asteroid_small 860.2,105.1,27,9, asteroid_small 769.9,225.6,85,11, asteroid_small 780.4,124.1,334,12, asteroid_large 567.3,494.3,320,14] :: [] :: 27 :: 1250
Frame 154 :: spaceship 436.6,372.5,315,0 :: [asteroid_small 844.7,120.4,63,2, asteroid_small 862.9,103.8,27,9, asteroid_small 770.1,222.6,85,11, asteroid_small 783.1,125.4,334,12, asteroid_large 569.6,496.2,320,14] :: [] :: 26 :: 1250
Frame 155 :: spaceship 443.6,379.6,315,0 :: [asteroid_small 846.1,117.7,63,2, asteroid_small 865.6,102.4,27,9, asteroid_small 770.4,219.6,85,11, asteroid_small 785.8,126.8,334,12, asteroid_large 571.9,498.1,320,14] :: [] :: 25 :: 1250
Frame 156 :: spaceship 450.7,386.7,315,0 :: [asteroid_small 847.5,115.0,63,2, asteroid_small 868.2,101.1,27,9, asteroid_small 770.6,216.6,85,11, asteroid_small 788.5,128.1,334,12, asteroid_large 574.2,500.1,320,14] :: [] :: 24 :: 1250
Frame 157 :: spaceship 457.8,393.7,315,0 :: [asteroid_small 848.8,112.3,63,2, asteroid_small 870.9,99.7,27,9, asteroid_small 770.9,213.7,85,11, asteroid_small 791.2,129.4,334,12, asteroid_large 576.5,502.0,320,14] :: [] :: 23 :: 1250
Frame 158 :: spaceship 464.9,400.8,315,0 :: [asteroid_small 850.2,109.7,63,2, asteroid_small 873.6,98.3,27,9, asteroid_small 771.2,210.7,85,11, asteroid_small 793.9,130.7,334,12, asteroid_large 578.8,503.9,320,14] :: [] :: 22 :: 1250
Frame 159 :: spaceship 471.9,407.9,315,0 :: [asteroid_small 851.6,107.0,63,2, asteroid_small 876.3,97.0,27,9, asteroid_small 771.4,207.7,85,11, asteroid_small 796.6,132.0,334,12, asteroid_large 581.1,505.8,320,14] :: [] :: 21 :: 1250
Frame 160 :: spaceship 479.0,415.0,315,0 :: [asteroid_small 852.9,104.3,63,2, asteroid_small 878.9,95.6,27,9, asteroid_small 771.7,204.7,85,11, asteroid_small 799.3,133.3,334,12, asteroid_large 583.4,507.8,320,14] :: [] :: 20 :: 1250
Frame 161 :: spaceship 486.1,422.0,315,0 :: [asteroid_small 854.3,101.6,63,2, asteroid_small 881.6,94.3,27,9, asteroid_small 771.9,201.7,85,11, asteroid_small 802.0,134.6,334,12, asteroid_large 585.7,509.7,320,14] :: [] :: 19 :: 1250
Frame 162 :: spaceship 493.1,429.1,315,0 :: [asteroid_small 855.6,99.0,63,2, asteroid_small 884.3,92.9,27,9, asteroid_small 772.2,198.7,85,11, asteroid_small 804.7,136.0,334,12, asteroid_large 588.0,511.6,320,14] :: [] :: 18 :: 1250
Frame 163 :: spaceship 500.2,436.2,315,0 :: [asteroid_small 857.0,96.3,63,2, asteroid_small 887.0,91.5,27,9, asteroid_small 772.5,195.7,85,11, asteroid_small 807.4,137.3,334,12, asteroid_large 590.3,513.6,320,14] :: [] :: 17 :: 1250
Frame 164 :: spaceship 500.2,436.2,315,0 :: [asteroid_small 858.4,93.6,63,2, asteroid_small 889.6,90.2,27,9, asteroid_small 772.7,192.7,85,11, asteroid_small 810.1,138.6,334,12, asteroid_large 592.6,515.5,320,14] :: [bullet 521.4,457.4,315,10] :: 14 :: 1250
Frame 165 :: spaceship 507.3,443.2,315,0 :: [asteroid_small 859.7,91.0,63,2, asteroid_small 892.3,88.8,27,9, asteroid_small 773.0,189.7,85,11, asteroid_small 812.8,139.9,334,12, asteroid_large 594.9,517.4,320,14] :: [bullet 542.6,478.6,315,10] :: 13 :: 1250
Frame 166 :: spaceship 507.3,443.2,315,0 :: [asteroid_small 861.1,88.3,63,2, asteroid_small 895.0,87.4,27,9, asteroid_small 773.3,186.8,85,11, asteroid_small 815.5,141.2,334,12, asteroid_large 597.2,519.3,320,14] :: [bullet 563.9,499.8,315,10] :: 12 :: 1250
Added asteroid 15
Frame 167 :: spaceship 507.3,443.2,315,0 :: [asteroid_small 862.4,85.6,63,2, asteroid_small 897.6,86.1,27,9, asteroid_small 773.5,183.8,85,11, asteroid_small 818.2,142.5,334,12, asteroid_large 187.0,286.0,126,15] :: [] :: 11 :: 1350
Frame 168 :: spaceship 512.3,451.9,300,0 :: [asteroid_small 863.8,82.9,63,2, asteroid_small 0,84.7,27,9, asteroid_small 773.8,180.8,85,11, asteroid_small 820.9,143.9,334,12, asteroid_large 185.2,283.6,126,15] :: [] :: 10 :: 1350
Frame 169 :: spaceship 514.9,461.6,285,0 :: [asteroid_small 865.2,80.3,63,2, asteroid_small 2.7,83.4,27,9, asteroid_small 774.0,177.8,85,11, asteroid_small 823.6,145.2,334,12, asteroid_large 183.5,281.1,126,15] :: [] :: 9 :: 1350
Frame 170 :: spaceship 514.9,471.6,270,0 :: [asteroid_small 866.5,77.6,63,2, asteroid_small 5.3,82.0,27,9, asteroid_small 774.3,174.8,85,11, asteroid_small 826.3,146.5,334,12, asteroid_large 181.7,278.7,126,15] :: [] :: 8 :: 1350
Frame 171 :: spaceship 512.3,481.2,255,0 :: [asteroid_small 867.9,74.9,63,2, asteroid_small 8.0,80.6,27,9, asteroid_small 774.6,171.8,85,11, asteroid_small 829.0,147.8,334,12, asteroid_large 179.9,276.3,126,15] :: [] :: 7 :: 1350
Frame 172 :: spaceship 507.3,489.9,240,0 :: [asteroid_small 869.3,72.2,63,2, asteroid_small 10.7,79.3,27,9, asteroid_small 774.8,168.8,85,11, asteroid_small 831.7,149.1,334,12, asteroid_large 178.2,273.9,126,15] :: [] :: 6 :: 1350
Frame 173 :: spaceship 500.2,496.9,225,0 :: [asteroid_small 870.6,69.6,63,2, asteroid_small 13.4,77.9,27,9, asteroid_small 775.1,165.8,85,11, asteroid_small 834.4,150.4,334,12, asteroid_large 176.4,271.4,126,15] :: [] :: 5 :: 1350
Frame 174 :: spaceship 491.6,501.9,210,0 :: [asteroid_small 872.0,66.9,63,2, asteroid_small 16.0,76.5,27,9, asteroid_small 775.3,162.8,85,11, asteroid_small 837.1,151.7,334,12, asteroid_large 174.7,269.0,126,15] :: [] :: 4 :: 1350
Frame 175 :: spaceship 481.9,504.5,195,0 :: [asteroid_small 873.3,64.2,63,2, asteroid_small 18.7,75.2,27,9, asteroid_small 775.6,159.9,85,11, asteroid_small 839.7,153.1,334,12, asteroid_large 172.9,266.6,126,15] :: [] :: 3 :: 1350
Frame 176 :: spaceship 471.9,504.5,180,0 :: [asteroid_small 874.7,61.5,63,2, asteroid_small 21.4,73.8,27,9, asteroid_small 775.9,156.9,85,11, asteroid_small 842.4,154.4,334,12, asteroid_large 171.1,264.2,126,15] :: [] :: 2 :: 1350
Frame 177 :: spaceship 462.2,501.9,165,0 :: [asteroid_small 876.1,58.9,63,2, asteroid_small 24.1,72.5,27,9, asteroid_small 776.1,153.9,85,11, asteroid_small 845.1,155.7,334,12, asteroid_large 169.4,261.7,126,15] :: [] :: 1 :: 1350
